Copyright 1986-2020 Xilinx, Inc. All Rights Reserved.
------------------------------------------------------------------------------------
| Tool Version : Vivado v.2020.2 (win64) Build 3064766 Wed Nov 18 09:12:45 MST 2020
| Date         : Sat Jun 12 18:31:24 2021
| Host         : KomaroKomp running 64-bit major release  (build 9200)
| Command      : report_control_sets -verbose -file top_control_sets_placed.rpt
| Design       : top
| Device       : xc7a200t
------------------------------------------------------------------------------------

Control Set Information

Table of Contents
-----------------
1. Summary
2. Histogram
3. Flip-Flop Distribution
4. Detailed Control Set Information

1. Summary
----------

+----------------------------------------------------------+-------+
|                          Status                          | Count |
+----------------------------------------------------------+-------+
| Total control sets                                       |     5 |
|    Minimum number of control sets                        |     5 |
|    Addition due to synthesis replication                 |     0 |
|    Addition due to physical synthesis replication        |     0 |
| Unused register locations in slices containing registers |    19 |
+----------------------------------------------------------+-------+
* Control sets can be merged at opt_design using control_set_merge or merge_equivalent_drivers
** Run report_qor_suggestions for automated merging and remapping suggestions


2. Histogram
------------

+--------------------+-------+
|       Fanout       | Count |
+--------------------+-------+
| Total control sets |     5 |
| >= 0 to < 4        |     0 |
| >= 4 to < 6        |     0 |
| >= 6 to < 8        |     0 |
| >= 8 to < 10       |     2 |
| >= 10 to < 12      |     2 |
| >= 12 to < 14      |     0 |
| >= 14 to < 16      |     0 |
| >= 16              |     1 |
+--------------------+-------+
* Control sets can be remapped at either synth_design or opt_design


3. Flip-Flop Distribution
-------------------------

+--------------+-----------------------+------------------------+-----------------+--------------+
| Clock Enable | Synchronous Set/Reset | Asynchronous Set/Reset | Total Registers | Total Slices |
+--------------+-----------------------+------------------------+-----------------+--------------+
| No           | No                    | No                     |               8 |            2 |
| No           | No                    | Yes                    |              35 |            8 |
| No           | Yes                   | No                     |               8 |            1 |
| Yes          | No                    | No                     |               0 |            0 |
| Yes          | No                    | Yes                    |              10 |            3 |
| Yes          | Yes                   | No                     |               0 |            0 |
+--------------+-----------------------+------------------------+-----------------+--------------+


4. Detailed Control Set Information
-----------------------------------

+---------------------------------------+--------------------+--------------------------------+------------------+----------------+--------------+
|              Clock Signal             |    Enable Signal   |        Set/Reset Signal        | Slice Load Count | Bel Load Count | Bels / Slice |
+---------------------------------------+--------------------+--------------------------------+------------------+----------------+--------------+
|  pixcloking/inst/clk_out1             |                    |                                |                2 |              8 |         4.00 |
|  pixcloking/inst/clk_out1             |                    | hdmi_inst/redEncoder/SR[0]     |                1 |              8 |         8.00 |
|  pixcloking/inst/clk_out1             |                    | hdmi_inst/TMDSmod10[3]_i_2_n_0 |                3 |             10 |         3.33 |
|  pixcloking/inst/clk_out1             | hdmi_inst/counterY | hdmi_inst/TMDSmod10[3]_i_2_n_0 |                3 |             10 |         3.33 |
|  hdmi_inst/fastclocking/inst/clk_out1 |                    | hdmi_inst/TMDSmod10[3]_i_2_n_0 |                5 |             25 |         5.00 |
+---------------------------------------+--------------------+--------------------------------+------------------+----------------+--------------+


