Copyright 1986-2020 Xilinx, Inc. All Rights Reserved.
-------------------------------------------------------------------------------------------------------------------------------
| Tool Version     : Vivado v.2020.2 (win64) Build 3064766 Wed Nov 18 09:12:45 MST 2020
| Date             : Sat Jun 12 18:32:26 2021
| Host             : KomaroKomp running 64-bit major release  (build 9200)
| Command          : report_power -file top_power_routed.rpt -pb top_power_summary_routed.pb -rpx top_power_routed.rpx
| Design           : top
| Device           : xc7a200tsbg484-1
| Design State     : routed
| Grade            : commercial
| Process          : typical
| Characterization : Production
-------------------------------------------------------------------------------------------------------------------------------

Power Report

Table of Contents
-----------------
1. Summary
1.1 On-Chip Components
1.2 Power Supply Summary
1.3 Confidence Level
2. Settings
2.1 Environment
2.2 Clock Constraints
3. Detailed Reports
3.1 By Hierarchy

1. Summary
----------

+--------------------------+--------------+
| Total On-Chip Power (W)  | 0.500        |
| Design Power Budget (W)  | Unspecified* |
| Power Budget Margin (W)  | NA           |
| Dynamic (W)              | 0.360        |
| Device Static (W)        | 0.140        |
| Effective TJA (C/W)      | 3.3          |
| Max Ambient (C)          | 83.3         |
| Junction Temperature (C) | 26.7         |
| Confidence Level         | Medium       |
| Setting File             | ---          |
| Simulation Activity File | ---          |
| Design Nets Matched      | NA           |
+--------------------------+--------------+
* Specify Design Power Budget using, set_operating_conditions -design_power_budget <value in Watts>


1.1 On-Chip Components
----------------------

+----------------+-----------+----------+-----------+-----------------+
| On-Chip        | Power (W) | Used     | Available | Utilization (%) |
+----------------+-----------+----------+-----------+-----------------+
| Clocks         |     0.003 |       11 |       --- |             --- |
| Slice Logic    |    <0.001 |      149 |       --- |             --- |
|   LUT as Logic |    <0.001 |       49 |    133800 |            0.04 |
|   Register     |    <0.001 |       61 |    267600 |            0.02 |
|   Others       |     0.000 |       11 |       --- |             --- |
| Signals        |    <0.001 |       84 |       --- |             --- |
| MMCM           |     0.222 |        2 |        10 |           20.00 |
| I/O            |     0.135 |       14 |       285 |            4.91 |
| Static Power   |     0.140 |          |           |                 |
| Total          |     0.500 |          |           |                 |
+----------------+-----------+----------+-----------+-----------------+


1.2 Power Supply Summary
------------------------

+-----------+-------------+-----------+-------------+------------+-------------+-------------+------------+
| Source    | Voltage (V) | Total (A) | Dynamic (A) | Static (A) | Powerup (A) | Budget (A)  | Margin (A) |
+-----------+-------------+-----------+-------------+------------+-------------+-------------+------------+
| Vccint    |       1.000 |     0.036 |       0.005 |      0.032 |       NA    | Unspecified | NA         |
| Vccaux    |       1.800 |     0.154 |       0.123 |      0.031 |       NA    | Unspecified | NA         |
| Vcco33    |       3.300 |     0.046 |       0.041 |      0.005 |       NA    | Unspecified | NA         |
| Vcco25    |       2.500 |     0.000 |       0.000 |      0.000 |       NA    | Unspecified | NA         |
| Vcco18    |       1.800 |     0.000 |       0.000 |      0.000 |       NA    | Unspecified | NA         |
| Vcco15    |       1.500 |     0.000 |       0.000 |      0.000 |       NA    | Unspecified | NA         |
| Vcco135   |       1.350 |     0.000 |       0.000 |      0.000 |       NA    | Unspecified | NA         |
| Vcco12    |       1.200 |     0.000 |       0.000 |      0.000 |       NA    | Unspecified | NA         |
| Vccaux_io |       1.800 |     0.000 |       0.000 |      0.000 |       NA    | Unspecified | NA         |
| Vccbram   |       1.000 |     0.001 |       0.000 |      0.001 |       NA    | Unspecified | NA         |
| MGTAVcc   |       1.000 |     0.000 |       0.000 |      0.000 |       NA    | Unspecified | NA         |
| MGTAVtt   |       1.200 |     0.000 |       0.000 |      0.000 |       NA    | Unspecified | NA         |
| Vccadc    |       1.800 |     0.020 |       0.000 |      0.020 |       NA    | Unspecified | NA         |
+-----------+-------------+-----------+-------------+------------+-------------+-------------+------------+


1.3 Confidence Level
--------------------

+-----------------------------+------------+-------------------------------------------------------+------------------------------------------------------------------------------------------------------------+
| User Input Data             | Confidence | Details                                               | Action                                                                                                     |
+-----------------------------+------------+-------------------------------------------------------+------------------------------------------------------------------------------------------------------------+
| Design implementation state | High       | Design is routed                                      |                                                                                                            |
| Clock nodes activity        | High       | User specified more than 95% of clocks                |                                                                                                            |
| I/O nodes activity          | Medium     | More than 5% of inputs are missing user specification | Provide missing input activity with simulation results or by editing the "By Resource Type -> I/Os" view   |
| Internal nodes activity     | Medium     | User specified less than 25% of internal nodes        | Provide missing internal nodes activity with simulation results or by editing the "By Resource Type" views |
| Device models               | High       | Device models are Production                          |                                                                                                            |
|                             |            |                                                       |                                                                                                            |
| Overall confidence level    | Medium     |                                                       |                                                                                                            |
+-----------------------------+------------+-------------------------------------------------------+------------------------------------------------------------------------------------------------------------+


2. Settings
-----------

2.1 Environment
---------------

+-----------------------+--------------------------+
| Ambient Temp (C)      | 25.0                     |
| ThetaJA (C/W)         | 3.3                      |
| Airflow (LFM)         | 250                      |
| Heat Sink             | medium (Medium Profile)  |
| ThetaSA (C/W)         | 4.6                      |
| Board Selection       | medium (10"x10")         |
| # of Board Layers     | 12to15 (12 to 15 Layers) |
| Board Temperature (C) | 25.0                     |
+-----------------------+--------------------------+


2.2 Clock Constraints
---------------------

+-----------------------+-------------------------------------------------+-----------------+
| Clock                 | Domain                                          | Constraint (ns) |
+-----------------------+-------------------------------------------------+-----------------+
| clk                   | clk                                             |            10.0 |
| clk_out1_clk_250MHz_1 | hdmi_inst/fastclocking/inst/clk_out1_clk_250MHz |             4.0 |
| clk_out1_clk_25MHz    | pixcloking/inst/clk_out1                        |            40.0 |
| clk_out1_clk_25MHz    | pixcloking/inst/clk_out1_clk_25MHz              |            40.0 |
| clk_out1_clk_25MHz_1  | pixcloking/inst/clk_out1                        |            40.0 |
| clk_out1_clk_25MHz_1  | pixcloking/inst/clk_out1_clk_25MHz              |            40.0 |
| clkfbout_clk_250MHz_1 | hdmi_inst/fastclocking/inst/clkfbout_clk_250MHz |            40.0 |
| clkfbout_clk_25MHz    | pixcloking/inst/clkfbout_clk_25MHz              |            10.0 |
| clkfbout_clk_25MHz_1  | pixcloking/inst/clkfbout_clk_25MHz              |            10.0 |
| sys_clk_pin           | clk                                             |            10.0 |
+-----------------------+-------------------------------------------------+-----------------+


3. Detailed Reports
-------------------

3.1 By Hierarchy
----------------

+------------------+-----------+
| Name             | Power (W) |
+------------------+-----------+
| top              |     0.360 |
|   hdmi_inst      |     0.243 |
|     fastclocking |     0.106 |
|       inst       |     0.106 |
|   pixcloking     |     0.117 |
|     inst         |     0.117 |
+------------------+-----------+


