Copyright 1986-2020 Xilinx, Inc. All Rights Reserved.
----------------------------------------------------------------------------------------------------------------------------------------------------------------------
| Tool Version     : Vivado v.2020.2 (win64) Build 3064766 Wed Nov 18 09:12:45 MST 2020
| Date             : Sun May 23 22:16:53 2021
| Host             : KomaroKomp running 64-bit major release  (build 9200)
| Command          : report_power -file design_1_wrapper_power_routed.rpt -pb design_1_wrapper_power_summary_routed.pb -rpx design_1_wrapper_power_routed.rpx
| Design           : design_1_wrapper
| Device           : xc7a200tsbg484-1
| Design State     : routed
| Grade            : commercial
| Process          : typical
| Characterization : Production
----------------------------------------------------------------------------------------------------------------------------------------------------------------------

Power Report

Table of Contents
-----------------
1. Summary
1.1 On-Chip Components
1.2 Power Supply Summary
1.3 Confidence Level
2. Settings
2.1 Environment
2.2 Clock Constraints
3. Detailed Reports
3.1 By Hierarchy

1. Summary
----------

+--------------------------+--------------+
| Total On-Chip Power (W)  | 1.074        |
| Design Power Budget (W)  | Unspecified* |
| Power Budget Margin (W)  | NA           |
| Dynamic (W)              | 0.923        |
| Device Static (W)        | 0.151        |
| Effective TJA (C/W)      | 3.3          |
| Max Ambient (C)          | 81.4         |
| Junction Temperature (C) | 28.6         |
| Confidence Level         | Low          |
| Setting File             | ---          |
| Simulation Activity File | ---          |
| Design Nets Matched      | NA           |
+--------------------------+--------------+
* Specify Design Power Budget using, set_operating_conditions -design_power_budget <value in Watts>


1.1 On-Chip Components
----------------------

+--------------------------+-----------+----------+-----------+-----------------+
| On-Chip                  | Power (W) | Used     | Available | Utilization (%) |
+--------------------------+-----------+----------+-----------+-----------------+
| Clocks                   |     0.052 |       28 |       --- |             --- |
| Slice Logic              |     0.015 |    18301 |       --- |             --- |
|   LUT as Logic           |     0.013 |     6673 |    133800 |            4.99 |
|   LUT as Distributed RAM |    <0.001 |      572 |     46200 |            1.24 |
|   Register               |    <0.001 |     7361 |    267600 |            2.75 |
|   CARRY4                 |    <0.001 |      204 |     33450 |            0.61 |
|   F7/F8 Muxes            |    <0.001 |      169 |    133800 |            0.13 |
|   LUT as Shift Register  |    <0.001 |      256 |     46200 |            0.55 |
|   Others                 |    <0.001 |      762 |       --- |             --- |
| Signals                  |     0.019 |    13620 |       --- |             --- |
| Block RAM                |    <0.001 |        2 |       365 |            0.55 |
| MMCM                     |     0.307 |        3 |        10 |           30.00 |
| PLL                      |     0.092 |        1 |        10 |           10.00 |
| I/O                      |     0.299 |       60 |       285 |           21.05 |
| PHASER                   |     0.134 |       14 |       --- |             --- |
| XADC                     |     0.004 |        1 |       --- |             --- |
| Static Power             |     0.151 |          |           |                 |
| Total                    |     1.074 |          |           |                 |
+--------------------------+-----------+----------+-----------+-----------------+


1.2 Power Supply Summary
------------------------

+-----------+-------------+-----------+-------------+------------+-------------+-------------+------------+
| Source    | Voltage (V) | Total (A) | Dynamic (A) | Static (A) | Powerup (A) | Budget (A)  | Margin (A) |
+-----------+-------------+-----------+-------------+------------+-------------+-------------+------------+
| Vccint    |       1.000 |     0.164 |       0.129 |      0.034 |       NA    | Unspecified | NA         |
| Vccaux    |       1.800 |     0.364 |       0.334 |      0.031 |       NA    | Unspecified | NA         |
| Vcco33    |       3.300 |     0.005 |       0.000 |      0.005 |       NA    | Unspecified | NA         |
| Vcco25    |       2.500 |     0.000 |       0.000 |      0.000 |       NA    | Unspecified | NA         |
| Vcco18    |       1.800 |     0.000 |       0.000 |      0.000 |       NA    | Unspecified | NA         |
| Vcco15    |       1.500 |     0.131 |       0.126 |      0.005 |       NA    | Unspecified | NA         |
| Vcco135   |       1.350 |     0.000 |       0.000 |      0.000 |       NA    | Unspecified | NA         |
| Vcco12    |       1.200 |     0.000 |       0.000 |      0.000 |       NA    | Unspecified | NA         |
| Vccaux_io |       1.800 |     0.000 |       0.000 |      0.000 |       NA    | Unspecified | NA         |
| Vccbram   |       1.000 |     0.001 |       0.000 |      0.001 |       NA    | Unspecified | NA         |
| MGTAVcc   |       1.000 |     0.000 |       0.000 |      0.000 |       NA    | Unspecified | NA         |
| MGTAVtt   |       1.200 |     0.000 |       0.000 |      0.000 |       NA    | Unspecified | NA         |
| Vccadc    |       1.800 |     0.022 |       0.002 |      0.020 |       NA    | Unspecified | NA         |
+-----------+-------------+-----------+-------------+------------+-------------+-------------+------------+


1.3 Confidence Level
--------------------

+-----------------------------+------------+--------------------------------------------------------+------------------------------------------------------------------------------------------------------------+
| User Input Data             | Confidence | Details                                                | Action                                                                                                     |
+-----------------------------+------------+--------------------------------------------------------+------------------------------------------------------------------------------------------------------------+
| Design implementation state | High       | Design is routed                                       |                                                                                                            |
| Clock nodes activity        | High       | User specified more than 95% of clocks                 |                                                                                                            |
| I/O nodes activity          | Low        | More than 75% of inputs are missing user specification | Provide missing input activity with simulation results or by editing the "By Resource Type -> I/Os" view   |
| Internal nodes activity     | Medium     | User specified less than 25% of internal nodes         | Provide missing internal nodes activity with simulation results or by editing the "By Resource Type" views |
| Device models               | High       | Device models are Production                           |                                                                                                            |
|                             |            |                                                        |                                                                                                            |
| Overall confidence level    | Low        |                                                        |                                                                                                            |
+-----------------------------+------------+--------------------------------------------------------+------------------------------------------------------------------------------------------------------------+


2. Settings
-----------

2.1 Environment
---------------

+-----------------------+--------------------------+
| Ambient Temp (C)      | 25.0                     |
| ThetaJA (C/W)         | 3.3                      |
| Airflow (LFM)         | 250                      |
| Heat Sink             | medium (Medium Profile)  |
| ThetaSA (C/W)         | 4.6                      |
| Board Selection       | medium (10"x10")         |
| # of Board Layers     | 12to15 (12 to 15 Layers) |
| Board Temperature (C) | 25.0                     |
+-----------------------+--------------------------+


2.2 Clock Constraints
---------------------

+-------------------------------------------------------------------------------------------------------------------------------------------------------------+----------------------------------------------------------------------------------------------------------------------------------------------------------------------------------------------------------------------------+-----------------+
| Clock                                                                                                                                                       | Domain                                                                                                                                                                                                                     | Constraint (ns) |
+-------------------------------------------------------------------------------------------------------------------------------------------------------------+----------------------------------------------------------------------------------------------------------------------------------------------------------------------------------------------------------------------------+-----------------+
| clk_out1_design_1_clk_wiz_0_3                                                                                                                               | design_1_i/clk_wiz_0/inst/clk_out1                                                                                                                                                                                         |            10.0 |
| clk_out1_design_1_clk_wiz_0_3                                                                                                                               | design_1_i/clk_wiz_0/inst/clk_out1_design_1_clk_wiz_0_3                                                                                                                                                                    |            10.0 |
| clk_out1_design_1_clk_wiz_0_4_1                                                                                                                             | design_1_i/clk_wiz_1/inst/clk_out1_design_1_clk_wiz_0_4                                                                                                                                                                    |             5.0 |
| clk_pll_i_1                                                                                                                                                 | design_1_i/mig_7series_0/u_design_1_mig_7series_0_0_mig/u_ddr3_infrastructure/clk_pll_i                                                                                                                                    |            10.0 |
| clkfbout_design_1_clk_wiz_0_3                                                                                                                               | design_1_i/clk_wiz_0/inst/clkfbout_design_1_clk_wiz_0_3                                                                                                                                                                    |            10.0 |
| clkfbout_design_1_clk_wiz_0_4_1                                                                                                                             | design_1_i/clk_wiz_1/inst/clkfbout_design_1_clk_wiz_0_4                                                                                                                                                                    |            10.0 |
| design_1_i/mdm_1/U0/Use_E2.BSCAN_I/Use_E2.BSCANE2_I/DRCK                                                                                                    | design_1_i/mdm_1/U0/Use_E2.BSCAN_I/DRCK                                                                                                                                                                                    |            33.3 |
| design_1_i/mdm_1/U0/Use_E2.BSCAN_I/Use_E2.BSCANE2_I/UPDATE                                                                                                  | design_1_i/mdm_1/U0/Use_E2.BSCAN_I/Dbg_Update_0                                                                                                                                                                            |            33.3 |
| freq_refclk_1                                                                                                                                               | design_1_i/mig_7series_0/u_design_1_mig_7series_0_0_mig/u_ddr3_infrastructure/freq_refclk                                                                                                                                  |             1.3 |
| iserdes_clkdiv_2                                                                                                                                            | design_1_i/mig_7series_0/u_design_1_mig_7series_0_0_mig/u_memc_ui_top_axi/mem_intfc0/ddr_phy_top0/u_ddr_mc_phy_wrapper/u_ddr_mc_phy/ddr_phy_4lanes_0.u_ddr_phy_4lanes/ddr_byte_lane_C.ddr_byte_lane_C/iserdes_clkdiv       |            10.0 |
| iserdes_clkdiv_3                                                                                                                                            | design_1_i/mig_7series_0/u_design_1_mig_7series_0_0_mig/u_memc_ui_top_axi/mem_intfc0/ddr_phy_top0/u_ddr_mc_phy_wrapper/u_ddr_mc_phy/ddr_phy_4lanes_0.u_ddr_phy_4lanes/ddr_byte_lane_D.ddr_byte_lane_D/iserdes_clkdiv       |            10.0 |
| mem_refclk_1                                                                                                                                                | design_1_i/mig_7series_0/u_design_1_mig_7series_0_0_mig/u_ddr3_infrastructure/mem_refclk                                                                                                                                   |             2.5 |
| oserdes_clk_4                                                                                                                                               | design_1_i/mig_7series_0/u_design_1_mig_7series_0_0_mig/u_memc_ui_top_axi/mem_intfc0/ddr_phy_top0/u_ddr_mc_phy_wrapper/u_ddr_mc_phy/ddr_phy_4lanes_0.u_ddr_phy_4lanes/ddr_byte_lane_A.ddr_byte_lane_A/oserdes_clk          |             2.5 |
| oserdes_clk_5                                                                                                                                               | design_1_i/mig_7series_0/u_design_1_mig_7series_0_0_mig/u_memc_ui_top_axi/mem_intfc0/ddr_phy_top0/u_ddr_mc_phy_wrapper/u_ddr_mc_phy/ddr_phy_4lanes_0.u_ddr_phy_4lanes/ddr_byte_lane_B.ddr_byte_lane_B/oserdes_clk          |             2.5 |
| oserdes_clk_6                                                                                                                                               | design_1_i/mig_7series_0/u_design_1_mig_7series_0_0_mig/u_memc_ui_top_axi/mem_intfc0/ddr_phy_top0/u_ddr_mc_phy_wrapper/u_ddr_mc_phy/ddr_phy_4lanes_0.u_ddr_phy_4lanes/ddr_byte_lane_C.ddr_byte_lane_C/oserdes_clk          |             2.5 |
| oserdes_clk_7                                                                                                                                               | design_1_i/mig_7series_0/u_design_1_mig_7series_0_0_mig/u_memc_ui_top_axi/mem_intfc0/ddr_phy_top0/u_ddr_mc_phy_wrapper/u_ddr_mc_phy/ddr_phy_4lanes_0.u_ddr_phy_4lanes/ddr_byte_lane_D.ddr_byte_lane_D/oserdes_clk          |             2.5 |
| oserdes_clkdiv_4                                                                                                                                            | design_1_i/mig_7series_0/u_design_1_mig_7series_0_0_mig/u_memc_ui_top_axi/mem_intfc0/ddr_phy_top0/u_ddr_mc_phy_wrapper/u_ddr_mc_phy/ddr_phy_4lanes_0.u_ddr_phy_4lanes/ddr_byte_lane_A.ddr_byte_lane_A/oserdes_clkdiv       |            10.0 |
| oserdes_clkdiv_5                                                                                                                                            | design_1_i/mig_7series_0/u_design_1_mig_7series_0_0_mig/u_memc_ui_top_axi/mem_intfc0/ddr_phy_top0/u_ddr_mc_phy_wrapper/u_ddr_mc_phy/ddr_phy_4lanes_0.u_ddr_phy_4lanes/ddr_byte_lane_B.ddr_byte_lane_B/oserdes_clkdiv       |            10.0 |
| oserdes_clkdiv_6                                                                                                                                            | design_1_i/mig_7series_0/u_design_1_mig_7series_0_0_mig/u_memc_ui_top_axi/mem_intfc0/ddr_phy_top0/u_ddr_mc_phy_wrapper/u_ddr_mc_phy/ddr_phy_4lanes_0.u_ddr_phy_4lanes/ddr_byte_lane_C.ddr_byte_lane_C/oserdes_clkdiv       |             5.0 |
| oserdes_clkdiv_7                                                                                                                                            | design_1_i/mig_7series_0/u_design_1_mig_7series_0_0_mig/u_memc_ui_top_axi/mem_intfc0/ddr_phy_top0/u_ddr_mc_phy_wrapper/u_ddr_mc_phy/ddr_phy_4lanes_0.u_ddr_phy_4lanes/ddr_byte_lane_D.ddr_byte_lane_D/oserdes_clkdiv       |             5.0 |
| pll_clk3_out_1                                                                                                                                              | design_1_i/mig_7series_0/u_design_1_mig_7series_0_0_mig/u_ddr3_infrastructure/pll_clk3_out                                                                                                                                 |            10.0 |
| pll_clkfbout_1                                                                                                                                              | design_1_i/mig_7series_0/u_design_1_mig_7series_0_0_mig/u_ddr3_infrastructure/pll_clkfbout                                                                                                                                 |             5.0 |
| sync_pulse_1                                                                                                                                                | design_1_i/mig_7series_0/u_design_1_mig_7series_0_0_mig/u_ddr3_infrastructure/sync_pulse                                                                                                                                   |            40.0 |
| sys_clock                                                                                                                                                   | sys_clock                                                                                                                                                                                                                  |            10.0 |
| u_memc_ui_top_axi/mem_intfc0/ddr_phy_top0/u_ddr_mc_phy_wrapper/u_ddr_mc_phy/ddr_phy_4lanes_0.u_ddr_phy_4lanes/ddr_byte_lane_C.ddr_byte_lane_C/iserdes_clk_1 | design_1_i/mig_7series_0/u_design_1_mig_7series_0_0_mig/u_memc_ui_top_axi/mem_intfc0/ddr_phy_top0/u_ddr_mc_phy_wrapper/u_ddr_mc_phy/ddr_phy_4lanes_0.u_ddr_phy_4lanes/ddr_byte_lane_C.ddr_byte_lane_C/A_rst_primitives_reg |             2.5 |
| u_memc_ui_top_axi/mem_intfc0/ddr_phy_top0/u_ddr_mc_phy_wrapper/u_ddr_mc_phy/ddr_phy_4lanes_0.u_ddr_phy_4lanes/ddr_byte_lane_D.ddr_byte_lane_D/iserdes_clk_1 | design_1_i/mig_7series_0/u_design_1_mig_7series_0_0_mig/u_memc_ui_top_axi/mem_intfc0/ddr_phy_top0/u_ddr_mc_phy_wrapper/u_ddr_mc_phy/ddr_phy_4lanes_0.u_ddr_phy_4lanes/ddr_byte_lane_D.ddr_byte_lane_D/A_rst_primitives_reg |             2.5 |
+-------------------------------------------------------------------------------------------------------------------------------------------------------------+----------------------------------------------------------------------------------------------------------------------------------------------------------------------------------------------------------------------------+-----------------+


3. Detailed Reports
-------------------

3.1 By Hierarchy
----------------

+--------------------------------------+-----------+
| Name                                 | Power (W) |
+--------------------------------------+-----------+
| design_1_wrapper                     |     0.923 |
|   design_1_i                         |     0.922 |
|     clk_wiz_0                        |     0.107 |
|       inst                           |     0.107 |
|     clk_wiz_1                        |     0.107 |
|       inst                           |     0.107 |
|     microblaze_0                     |     0.011 |
|       U0                             |     0.011 |
|     microblaze_0_axi_periph          |     0.004 |
|       m02_couplers                   |     0.003 |
|       xbar                           |     0.002 |
|     mig_7series_0                    |     0.689 |
|       u_design_1_mig_7series_0_0_mig |     0.689 |
+--------------------------------------+-----------+


